<?xml version="1.0" encoding="UTF-8"?>
<!-- Generated by org.testng.reporters.JUnitXMLReporter -->
<testsuite ignored="1" hostname="Coolama-Tatta" failures="0" tests="1" name="Default test" time="0.068" errors="0" timestamp="2022-09-21T10:29:05 IST">
  <testcase classname="org.Fidelity.TestNG.Practise.Test2test" name="Test3" time="0.011"/>
  <testcase classname="org.Fidelity.TestNG.Practise.Test2test" name="Test2" time="0.0">
    <ignored/>
  </testcase> <!-- Test2 -->
</testsuite> <!-- Default test -->
