<?xml version="1.0" encoding="UTF-8"?>
<!-- Generated by org.testng.reporters.JUnitXMLReporter -->
<testsuite hostname="Coolama-Tatta" ignored="0" name="Command line test" tests="15" failures="1" timestamp="2022-09-20T17:37:15 IST" time="48.652" errors="0">
  <testcase name="@BeforeMethod testDataSetup" time="9.096" classname="org.Fidelity.GeneralUtility.BaseClassForAnnotationRun">
    <failure type="org.openqa.selenium.WebDriverException" message="unknown error: net::ERR_NAME_NOT_RESOLVED
  (Session info: chrome=105.0.5195.127)
Build info: version: &amp;apos;4.1.1&amp;apos;, revision: &amp;apos;e8fcc2cecf&amp;apos;
System info: host: &amp;apos;COOLAMA-TATTA&amp;apos;, ip: &amp;apos;192.168.78.1&amp;apos;, os.name: &amp;apos;Windows 10&amp;apos;, os.arch: &amp;apos;amd64&amp;apos;, os.version: &amp;apos;10.0&amp;apos;, java.version: &amp;apos;1.8.0_311&amp;apos;
Driver info: org.openqa.selenium.chrome.ChromeDriver
Command: [0323514ea934b3203b972f7cee744a7e, get {url=https://rmgtestingserver/domain/}]
Capabilities {acceptInsecureCerts: false, browserName: chrome, browserVersion: 105.0.5195.127, chrome: {chromedriverVersion: 105.0.5195.52 (412c95e51883..., userDataDir: C:\Users\Faster\AppData\Loc...}, goog:chromeOptions: {debuggerAddress: localhost:54515}, javascriptEnabled: true, networkConnectionEnabled: false, pageLoadStrategy: normal, platform: WINDOWS, platformName: WINDOWS, proxy: Proxy(), se:cdp: ws://localhost:54515/devtoo..., se:cdpVersion: 105.0.5195.127, setWindowRect: true, strictFileInteractability: false, timeouts: {implicit: 0, pageLoad: 300000, script: 30000}, unhandledPromptBehavior: dismiss and notify, webauthn:extension:credBlob: true, webauthn:extension:largeBlob: true, webauthn:virtualAuthenticators: true}
Session ID: 0323514ea934b3203b972f7cee744a7e">
      <![CDATA[org.openqa.selenium.WebDriverException: unknown error: net::ERR_NAME_NOT_RESOLVED
  (Session info: chrome=105.0.5195.127)
Build info: version: '4.1.1', revision: 'e8fcc2cecf'
System info: host: 'COOLAMA-TATTA', ip: '192.168.78.1', os.name: 'Windows 10', os.arch: 'amd64', os.version: '10.0', java.version: '1.8.0_311'
Driver info: org.openqa.selenium.chrome.ChromeDriver
Command: [0323514ea934b3203b972f7cee744a7e, get {url=https://rmgtestingserver/domain/}]
Capabilities {acceptInsecureCerts: false, browserName: chrome, browserVersion: 105.0.5195.127, chrome: {chromedriverVersion: 105.0.5195.52 (412c95e51883..., userDataDir: C:\Users\Faster\AppData\Loc...}, goog:chromeOptions: {debuggerAddress: localhost:54515}, javascriptEnabled: true, networkConnectionEnabled: false, pageLoadStrategy: normal, platform: WINDOWS, platformName: WINDOWS, proxy: Proxy(), se:cdp: ws://localhost:54515/devtoo..., se:cdpVersion: 105.0.5195.127, setWindowRect: true, strictFileInteractability: false, timeouts: {implicit: 0, pageLoad: 300000, script: 30000}, unhandledPromptBehavior: dismiss and notify, webauthn:extension:credBlob: true, webauthn:extension:largeBlob: true, webauthn:virtualAuthenticators: true}
Session ID: 0323514ea934b3203b972f7cee744a7e
at org.openqa.selenium.remote.codec.w3c.W3CHttpResponseCodec.createException(W3CHttpResponseCodec.java:200)
at org.openqa.selenium.remote.codec.w3c.W3CHttpResponseCodec.decode(W3CHttpResponseCodec.java:133)
at org.openqa.selenium.remote.codec.w3c.W3CHttpResponseCodec.decode(W3CHttpResponseCodec.java:53)
at org.openqa.selenium.remote.HttpCommandExecutor.execute(HttpCommandExecutor.java:184)
at org.openqa.selenium.remote.service.DriverCommandExecutor.invokeExecute(DriverCommandExecutor.java:167)
at org.openqa.selenium.remote.service.DriverCommandExecutor.execute(DriverCommandExecutor.java:142)
at org.openqa.selenium.remote.RemoteWebDriver.execute(RemoteWebDriver.java:543)
at org.openqa.selenium.remote.RemoteWebDriver.get(RemoteWebDriver.java:312)
at org.Fidelity.GeneralUtility.WebdriverUtility.openingWebpage(WebdriverUtility.java:97)
at org.Fidelity.GeneralUtility.BaseClassForAnnotationRun.testDataSetup(BaseClassForAnnotationRun.java:73)
at java.util.ArrayList.forEach(ArrayList.java:1259)
... Removed 45 stack frames]]>
    </failure>
  </testcase> <!-- @BeforeMethod testDataSetup -->
  <testcase name="@AfterMethod tearLogins" time="-1.663675597367E9" classname="org.Fidelity.GeneralUtility.BaseClassForAnnotationRun">
    <skipped/>
  </testcase> <!-- @AfterMethod tearLogins -->
  <testcase name="@AfterClass classTearDown" time="-1.663675597367E9" classname="org.Fidelity.GeneralUtility.BaseClassForAnnotationRun">
    <skipped/>
  </testcase> <!-- @AfterClass classTearDown -->
  <testcase name="@BeforeMethod testDataSetup" time="6.734" classname="org.Fidelity.GeneralUtility.BaseClassForAnnotationRun">
    <failure type="org.openqa.selenium.WebDriverException" message="unknown error: net::ERR_NAME_NOT_RESOLVED
  (Session info: chrome=105.0.5195.127)
Build info: version: &amp;apos;4.1.1&amp;apos;, revision: &amp;apos;e8fcc2cecf&amp;apos;
System info: host: &amp;apos;COOLAMA-TATTA&amp;apos;, ip: &amp;apos;192.168.78.1&amp;apos;, os.name: &amp;apos;Windows 10&amp;apos;, os.arch: &amp;apos;amd64&amp;apos;, os.version: &amp;apos;10.0&amp;apos;, java.version: &amp;apos;1.8.0_311&amp;apos;
Driver info: org.openqa.selenium.chrome.ChromeDriver
Command: [6aa6e56cf6445ce7061c1e77ba22789d, get {url=https://rmgtestingserver/domain/}]
Capabilities {acceptInsecureCerts: false, browserName: chrome, browserVersion: 105.0.5195.127, chrome: {chromedriverVersion: 105.0.5195.52 (412c95e51883..., userDataDir: C:\Users\Faster\AppData\Loc...}, goog:chromeOptions: {debuggerAddress: localhost:54581}, javascriptEnabled: true, networkConnectionEnabled: false, pageLoadStrategy: normal, platform: WINDOWS, platformName: WINDOWS, proxy: Proxy(), se:cdp: ws://localhost:54581/devtoo..., se:cdpVersion: 105.0.5195.127, setWindowRect: true, strictFileInteractability: false, timeouts: {implicit: 0, pageLoad: 300000, script: 30000}, unhandledPromptBehavior: dismiss and notify, webauthn:extension:credBlob: true, webauthn:extension:largeBlob: true, webauthn:virtualAuthenticators: true}
Session ID: 6aa6e56cf6445ce7061c1e77ba22789d">
      <![CDATA[org.openqa.selenium.WebDriverException: unknown error: net::ERR_NAME_NOT_RESOLVED
  (Session info: chrome=105.0.5195.127)
Build info: version: '4.1.1', revision: 'e8fcc2cecf'
System info: host: 'COOLAMA-TATTA', ip: '192.168.78.1', os.name: 'Windows 10', os.arch: 'amd64', os.version: '10.0', java.version: '1.8.0_311'
Driver info: org.openqa.selenium.chrome.ChromeDriver
Command: [6aa6e56cf6445ce7061c1e77ba22789d, get {url=https://rmgtestingserver/domain/}]
Capabilities {acceptInsecureCerts: false, browserName: chrome, browserVersion: 105.0.5195.127, chrome: {chromedriverVersion: 105.0.5195.52 (412c95e51883..., userDataDir: C:\Users\Faster\AppData\Loc...}, goog:chromeOptions: {debuggerAddress: localhost:54581}, javascriptEnabled: true, networkConnectionEnabled: false, pageLoadStrategy: normal, platform: WINDOWS, platformName: WINDOWS, proxy: Proxy(), se:cdp: ws://localhost:54581/devtoo..., se:cdpVersion: 105.0.5195.127, setWindowRect: true, strictFileInteractability: false, timeouts: {implicit: 0, pageLoad: 300000, script: 30000}, unhandledPromptBehavior: dismiss and notify, webauthn:extension:credBlob: true, webauthn:extension:largeBlob: true, webauthn:virtualAuthenticators: true}
Session ID: 6aa6e56cf6445ce7061c1e77ba22789d
at org.openqa.selenium.remote.codec.w3c.W3CHttpResponseCodec.createException(W3CHttpResponseCodec.java:200)
at org.openqa.selenium.remote.codec.w3c.W3CHttpResponseCodec.decode(W3CHttpResponseCodec.java:133)
at org.openqa.selenium.remote.codec.w3c.W3CHttpResponseCodec.decode(W3CHttpResponseCodec.java:53)
at org.openqa.selenium.remote.HttpCommandExecutor.execute(HttpCommandExecutor.java:184)
at org.openqa.selenium.remote.service.DriverCommandExecutor.invokeExecute(DriverCommandExecutor.java:167)
at org.openqa.selenium.remote.service.DriverCommandExecutor.execute(DriverCommandExecutor.java:142)
at org.openqa.selenium.remote.RemoteWebDriver.execute(RemoteWebDriver.java:543)
at org.openqa.selenium.remote.RemoteWebDriver.get(RemoteWebDriver.java:312)
at org.Fidelity.GeneralUtility.WebdriverUtility.openingWebpage(WebdriverUtility.java:97)
at org.Fidelity.GeneralUtility.BaseClassForAnnotationRun.testDataSetup(BaseClassForAnnotationRun.java:73)
at java.util.ArrayList.forEach(ArrayList.java:1259)
... Removed 45 stack frames]]>
    </failure>
  </testcase> <!-- @BeforeMethod testDataSetup -->
  <testcase name="@AfterMethod tearLogins" time="-1.663675610902E9" classname="org.Fidelity.GeneralUtility.BaseClassForAnnotationRun">
    <skipped/>
  </testcase> <!-- @AfterMethod tearLogins -->
  <testcase name="@AfterClass classTearDown" time="-1.663675610902E9" classname="org.Fidelity.GeneralUtility.BaseClassForAnnotationRun">
    <skipped/>
  </testcase> <!-- @AfterClass classTearDown -->
  <testcase name="@BeforeMethod testDataSetup" time="2.884" classname="org.Fidelity.GeneralUtility.BaseClassForAnnotationRun">
    <failure type="org.openqa.selenium.WebDriverException" message="unknown error: cannot determine loading status
from disconnected: received Inspector.detached event
  (Session info: chrome=105.0.5195.127)
Build info: version: &amp;apos;4.1.1&amp;apos;, revision: &amp;apos;e8fcc2cecf&amp;apos;
System info: host: &amp;apos;COOLAMA-TATTA&amp;apos;, ip: &amp;apos;192.168.78.1&amp;apos;, os.name: &amp;apos;Windows 10&amp;apos;, os.arch: &amp;apos;amd64&amp;apos;, os.version: &amp;apos;10.0&amp;apos;, java.version: &amp;apos;1.8.0_311&amp;apos;
Driver info: org.openqa.selenium.chrome.ChromeDriver
Command: [5c08e5ab9477e753d0c7b4b3ac1e5fcf, get {url=https://rmgtestingserver/domain/}]
Capabilities {acceptInsecureCerts: false, browserName: chrome, browserVersion: 105.0.5195.127, chrome: {chromedriverVersion: 105.0.5195.52 (412c95e51883..., userDataDir: C:\Users\Faster\AppData\Loc...}, goog:chromeOptions: {debuggerAddress: localhost:54673}, javascriptEnabled: true, networkConnectionEnabled: false, pageLoadStrategy: normal, platform: WINDOWS, platformName: WINDOWS, proxy: Proxy(), se:cdp: ws://localhost:54673/devtoo..., se:cdpVersion: 105.0.5195.127, setWindowRect: true, strictFileInteractability: false, timeouts: {implicit: 0, pageLoad: 300000, script: 30000}, unhandledPromptBehavior: dismiss and notify, webauthn:extension:credBlob: true, webauthn:extension:largeBlob: true, webauthn:virtualAuthenticators: true}
Session ID: 5c08e5ab9477e753d0c7b4b3ac1e5fcf">
      <![CDATA[org.openqa.selenium.WebDriverException: unknown error: cannot determine loading status
from disconnected: received Inspector.detached event
  (Session info: chrome=105.0.5195.127)
Build info: version: '4.1.1', revision: 'e8fcc2cecf'
System info: host: 'COOLAMA-TATTA', ip: '192.168.78.1', os.name: 'Windows 10', os.arch: 'amd64', os.version: '10.0', java.version: '1.8.0_311'
Driver info: org.openqa.selenium.chrome.ChromeDriver
Command: [5c08e5ab9477e753d0c7b4b3ac1e5fcf, get {url=https://rmgtestingserver/domain/}]
Capabilities {acceptInsecureCerts: false, browserName: chrome, browserVersion: 105.0.5195.127, chrome: {chromedriverVersion: 105.0.5195.52 (412c95e51883..., userDataDir: C:\Users\Faster\AppData\Loc...}, goog:chromeOptions: {debuggerAddress: localhost:54673}, javascriptEnabled: true, networkConnectionEnabled: false, pageLoadStrategy: normal, platform: WINDOWS, platformName: WINDOWS, proxy: Proxy(), se:cdp: ws://localhost:54673/devtoo..., se:cdpVersion: 105.0.5195.127, setWindowRect: true, strictFileInteractability: false, timeouts: {implicit: 0, pageLoad: 300000, script: 30000}, unhandledPromptBehavior: dismiss and notify, webauthn:extension:credBlob: true, webauthn:extension:largeBlob: true, webauthn:virtualAuthenticators: true}
Session ID: 5c08e5ab9477e753d0c7b4b3ac1e5fcf
at org.openqa.selenium.remote.codec.w3c.W3CHttpResponseCodec.createException(W3CHttpResponseCodec.java:200)
at org.openqa.selenium.remote.codec.w3c.W3CHttpResponseCodec.decode(W3CHttpResponseCodec.java:133)
at org.openqa.selenium.remote.codec.w3c.W3CHttpResponseCodec.decode(W3CHttpResponseCodec.java:53)
at org.openqa.selenium.remote.HttpCommandExecutor.execute(HttpCommandExecutor.java:184)
at org.openqa.selenium.remote.service.DriverCommandExecutor.invokeExecute(DriverCommandExecutor.java:167)
at org.openqa.selenium.remote.service.DriverCommandExecutor.execute(DriverCommandExecutor.java:142)
at org.openqa.selenium.remote.RemoteWebDriver.execute(RemoteWebDriver.java:543)
at org.openqa.selenium.remote.RemoteWebDriver.get(RemoteWebDriver.java:312)
at org.Fidelity.GeneralUtility.WebdriverUtility.openingWebpage(WebdriverUtility.java:97)
at org.Fidelity.GeneralUtility.BaseClassForAnnotationRun.testDataSetup(BaseClassForAnnotationRun.java:73)
at java.util.ArrayList.forEach(ArrayList.java:1259)
... Removed 45 stack frames]]>
    </failure>
  </testcase> <!-- @BeforeMethod testDataSetup -->
  <testcase name="@AfterMethod tearLogins" time="-1.663675626379E9" classname="org.Fidelity.GeneralUtility.BaseClassForAnnotationRun">
    <skipped/>
  </testcase> <!-- @AfterMethod tearLogins -->
  <testcase name="@BeforeMethod testDataSetup" time="-1.66367562638E9" classname="org.Fidelity.GeneralUtility.BaseClassForAnnotationRun">
    <skipped/>
  </testcase> <!-- @BeforeMethod testDataSetup -->
  <testcase name="@AfterMethod tearLogins" time="-1.663675626381E9" classname="org.Fidelity.GeneralUtility.BaseClassForAnnotationRun">
    <skipped/>
  </testcase> <!-- @AfterMethod tearLogins -->
  <testcase name="@BeforeMethod testDataSetup" time="-1.663675626385E9" classname="org.Fidelity.GeneralUtility.BaseClassForAnnotationRun">
    <skipped/>
  </testcase> <!-- @BeforeMethod testDataSetup -->
  <testcase name="@AfterMethod tearLogins" time="-1.663675626387E9" classname="org.Fidelity.GeneralUtility.BaseClassForAnnotationRun">
    <skipped/>
  </testcase> <!-- @AfterMethod tearLogins -->
  <testcase name="@BeforeMethod testDataSetup" time="-1.663675626388E9" classname="org.Fidelity.GeneralUtility.BaseClassForAnnotationRun">
    <skipped/>
  </testcase> <!-- @BeforeMethod testDataSetup -->
  <testcase name="@AfterMethod tearLogins" time="-1.663675626389E9" classname="org.Fidelity.GeneralUtility.BaseClassForAnnotationRun">
    <skipped/>
  </testcase> <!-- @AfterMethod tearLogins -->
  <testcase name="@AfterClass classTearDown" time="-1.66367562639E9" classname="org.Fidelity.GeneralUtility.BaseClassForAnnotationRun">
    <skipped/>
  </testcase> <!-- @AfterClass classTearDown -->
  <testcase name="@BeforeMethod testDataSetup" time="4.258" classname="org.Fidelity.GeneralUtility.BaseClassForAnnotationRun">
    <failure type="org.openqa.selenium.WebDriverException" message="unknown error: cannot determine loading status
from disconnected: received Inspector.detached event
  (Session info: chrome=105.0.5195.127)
Build info: version: &amp;apos;4.1.1&amp;apos;, revision: &amp;apos;e8fcc2cecf&amp;apos;
System info: host: &amp;apos;COOLAMA-TATTA&amp;apos;, ip: &amp;apos;192.168.78.1&amp;apos;, os.name: &amp;apos;Windows 10&amp;apos;, os.arch: &amp;apos;amd64&amp;apos;, os.version: &amp;apos;10.0&amp;apos;, java.version: &amp;apos;1.8.0_311&amp;apos;
Driver info: org.openqa.selenium.chrome.ChromeDriver
Command: [8d9f95f20eb43b35cca65e99ada3b8af, get {url=https://rmgtestingserver/domain/}]
Capabilities {acceptInsecureCerts: false, browserName: chrome, browserVersion: 105.0.5195.127, chrome: {chromedriverVersion: 105.0.5195.52 (412c95e51883..., userDataDir: C:\Users\Faster\AppData\Loc...}, goog:chromeOptions: {debuggerAddress: localhost:54687}, javascriptEnabled: true, networkConnectionEnabled: false, pageLoadStrategy: normal, platform: WINDOWS, platformName: WINDOWS, proxy: Proxy(), se:cdp: ws://localhost:54687/devtoo..., se:cdpVersion: 105.0.5195.127, setWindowRect: true, strictFileInteractability: false, timeouts: {implicit: 0, pageLoad: 300000, script: 30000}, unhandledPromptBehavior: dismiss and notify, webauthn:extension:credBlob: true, webauthn:extension:largeBlob: true, webauthn:virtualAuthenticators: true}
Session ID: 8d9f95f20eb43b35cca65e99ada3b8af">
      <![CDATA[org.openqa.selenium.WebDriverException: unknown error: cannot determine loading status
from disconnected: received Inspector.detached event
  (Session info: chrome=105.0.5195.127)
Build info: version: '4.1.1', revision: 'e8fcc2cecf'
System info: host: 'COOLAMA-TATTA', ip: '192.168.78.1', os.name: 'Windows 10', os.arch: 'amd64', os.version: '10.0', java.version: '1.8.0_311'
Driver info: org.openqa.selenium.chrome.ChromeDriver
Command: [8d9f95f20eb43b35cca65e99ada3b8af, get {url=https://rmgtestingserver/domain/}]
Capabilities {acceptInsecureCerts: false, browserName: chrome, browserVersion: 105.0.5195.127, chrome: {chromedriverVersion: 105.0.5195.52 (412c95e51883..., userDataDir: C:\Users\Faster\AppData\Loc...}, goog:chromeOptions: {debuggerAddress: localhost:54687}, javascriptEnabled: true, networkConnectionEnabled: false, pageLoadStrategy: normal, platform: WINDOWS, platformName: WINDOWS, proxy: Proxy(), se:cdp: ws://localhost:54687/devtoo..., se:cdpVersion: 105.0.5195.127, setWindowRect: true, strictFileInteractability: false, timeouts: {implicit: 0, pageLoad: 300000, script: 30000}, unhandledPromptBehavior: dismiss and notify, webauthn:extension:credBlob: true, webauthn:extension:largeBlob: true, webauthn:virtualAuthenticators: true}
Session ID: 8d9f95f20eb43b35cca65e99ada3b8af
at org.openqa.selenium.remote.codec.w3c.W3CHttpResponseCodec.createException(W3CHttpResponseCodec.java:200)
at org.openqa.selenium.remote.codec.w3c.W3CHttpResponseCodec.decode(W3CHttpResponseCodec.java:133)
at org.openqa.selenium.remote.codec.w3c.W3CHttpResponseCodec.decode(W3CHttpResponseCodec.java:53)
at org.openqa.selenium.remote.HttpCommandExecutor.execute(HttpCommandExecutor.java:184)
at org.openqa.selenium.remote.service.DriverCommandExecutor.invokeExecute(DriverCommandExecutor.java:167)
at org.openqa.selenium.remote.service.DriverCommandExecutor.execute(DriverCommandExecutor.java:142)
at org.openqa.selenium.remote.RemoteWebDriver.execute(RemoteWebDriver.java:543)
at org.openqa.selenium.remote.RemoteWebDriver.get(RemoteWebDriver.java:312)
at org.Fidelity.GeneralUtility.WebdriverUtility.openingWebpage(WebdriverUtility.java:97)
at org.Fidelity.GeneralUtility.BaseClassForAnnotationRun.testDataSetup(BaseClassForAnnotationRun.java:73)
at java.util.ArrayList.forEach(ArrayList.java:1259)
... Removed 45 stack frames]]>
    </failure>
  </testcase> <!-- @BeforeMethod testDataSetup -->
  <testcase name="@AfterMethod tearLogins" time="-1.663675630792E9" classname="org.Fidelity.GeneralUtility.BaseClassForAnnotationRun">
    <skipped/>
  </testcase> <!-- @AfterMethod tearLogins -->
  <testcase name="@AfterClass classTearDown" time="-1.663675630793E9" classname="org.Fidelity.GeneralUtility.BaseClassForAnnotationRun">
    <skipped/>
  </testcase> <!-- @AfterClass classTearDown -->
  <testcase name="@BeforeMethod testDataSetup" time="4.696" classname="org.Fidelity.GeneralUtility.BaseClassForAnnotationRun">
    <failure type="org.openqa.selenium.NoSuchWindowException" message="no such window: target window already closed
from unknown error: web view not found
  (Session info: chrome=105.0.5195.127)
Build info: version: &amp;apos;4.1.1&amp;apos;, revision: &amp;apos;e8fcc2cecf&amp;apos;
System info: host: &amp;apos;COOLAMA-TATTA&amp;apos;, ip: &amp;apos;192.168.78.1&amp;apos;, os.name: &amp;apos;Windows 10&amp;apos;, os.arch: &amp;apos;amd64&amp;apos;, os.version: &amp;apos;10.0&amp;apos;, java.version: &amp;apos;1.8.0_311&amp;apos;
Driver info: org.openqa.selenium.chrome.ChromeDriver
Command: [032d3e740674de68869bbfc4ca59adb8, findElement {using=id, value=details-button}]
Capabilities {acceptInsecureCerts: false, browserName: chrome, browserVersion: 105.0.5195.127, chrome: {chromedriverVersion: 105.0.5195.52 (412c95e51883..., userDataDir: C:\Users\Faster\AppData\Loc...}, goog:chromeOptions: {debuggerAddress: localhost:54703}, javascriptEnabled: true, networkConnectionEnabled: false, pageLoadStrategy: normal, platform: WINDOWS, platformName: WINDOWS, proxy: Proxy(), se:cdp: ws://localhost:54703/devtoo..., se:cdpVersion: 105.0.5195.127, setWindowRect: true, strictFileInteractability: false, timeouts: {implicit: 0, pageLoad: 300000, script: 30000}, unhandledPromptBehavior: dismiss and notify, webauthn:extension:credBlob: true, webauthn:extension:largeBlob: true, webauthn:virtualAuthenticators: true}
Session ID: 032d3e740674de68869bbfc4ca59adb8">
      <![CDATA[org.openqa.selenium.NoSuchWindowException: no such window: target window already closed
from unknown error: web view not found
  (Session info: chrome=105.0.5195.127)
Build info: version: '4.1.1', revision: 'e8fcc2cecf'
System info: host: 'COOLAMA-TATTA', ip: '192.168.78.1', os.name: 'Windows 10', os.arch: 'amd64', os.version: '10.0', java.version: '1.8.0_311'
Driver info: org.openqa.selenium.chrome.ChromeDriver
Command: [032d3e740674de68869bbfc4ca59adb8, findElement {using=id, value=details-button}]
Capabilities {acceptInsecureCerts: false, browserName: chrome, browserVersion: 105.0.5195.127, chrome: {chromedriverVersion: 105.0.5195.52 (412c95e51883..., userDataDir: C:\Users\Faster\AppData\Loc...}, goog:chromeOptions: {debuggerAddress: localhost:54703}, javascriptEnabled: true, networkConnectionEnabled: false, pageLoadStrategy: normal, platform: WINDOWS, platformName: WINDOWS, proxy: Proxy(), se:cdp: ws://localhost:54703/devtoo..., se:cdpVersion: 105.0.5195.127, setWindowRect: true, strictFileInteractability: false, timeouts: {implicit: 0, pageLoad: 300000, script: 30000}, unhandledPromptBehavior: dismiss and notify, webauthn:extension:credBlob: true, webauthn:extension:largeBlob: true, webauthn:virtualAuthenticators: true}
Session ID: 032d3e740674de68869bbfc4ca59adb8
at org.openqa.selenium.remote.codec.w3c.W3CHttpResponseCodec.createException(W3CHttpResponseCodec.java:200)
at org.openqa.selenium.remote.codec.w3c.W3CHttpResponseCodec.decode(W3CHttpResponseCodec.java:133)
at org.openqa.selenium.remote.codec.w3c.W3CHttpResponseCodec.decode(W3CHttpResponseCodec.java:53)
at org.openqa.selenium.remote.HttpCommandExecutor.execute(HttpCommandExecutor.java:184)
at org.openqa.selenium.remote.service.DriverCommandExecutor.invokeExecute(DriverCommandExecutor.java:167)
at org.openqa.selenium.remote.service.DriverCommandExecutor.execute(DriverCommandExecutor.java:142)
at org.openqa.selenium.remote.RemoteWebDriver.execute(RemoteWebDriver.java:543)
at org.openqa.selenium.remote.ElementLocation$ElementFinder$2.findElement(ElementLocation.java:162)
at org.openqa.selenium.remote.ElementLocation.findElement(ElementLocation.java:66)
at org.openqa.selenium.remote.RemoteWebDriver.findElement(RemoteWebDriver.java:367)
at org.openqa.selenium.remote.RemoteWebDriver.findElement(RemoteWebDriver.java:359)
at org.openqa.selenium.support.pagefactory.DefaultElementLocator.findElement(DefaultElementLocator.java:70)
at org.openqa.selenium.support.pagefactory.internal.LocatingElementHandler.invoke(LocatingElementHandler.java:39)
at com.sun.proxy.$Proxy17.click(Unknown Source)
at pomRepository.CommonPage.ByPassSecurityCheck(CommonPage.java:44)
at org.Fidelity.GeneralUtility.BaseClassForAnnotationRun.testDataSetup(BaseClassForAnnotationRun.java:75)
at java.util.ArrayList.forEach(ArrayList.java:1259)
... Removed 45 stack frames]]>
    </failure>
  </testcase> <!-- @BeforeMethod testDataSetup -->
  <testcase name="@AfterMethod tearLogins" time="-1.663675635594E9" classname="org.Fidelity.GeneralUtility.BaseClassForAnnotationRun">
    <skipped/>
  </testcase> <!-- @AfterMethod tearLogins -->
  <testcase name="@AfterClass classTearDown" time="-1.663675635595E9" classname="org.Fidelity.GeneralUtility.BaseClassForAnnotationRun">
    <skipped/>
  </testcase> <!-- @AfterClass classTearDown -->
  <testcase name="Test1" time="0.002" classname="org.Fidelity.TestNG.Practise.AnnotationPractiseTest"/>
  <testcase name="Test2" time="0.001" classname="org.Fidelity.TestNG.Practise.AnnotationPractiseTest"/>
  <testcase name="launchingInstagram" time="0.058" classname="launchBrowser.DemoWebShop_Test">
    <failure type="java.lang.IllegalStateException" message="The path to the driver executable The path to the driver executable must be set by the webdriver.chrome.driver system property; for more information, see https://github.com/SeleniumHQ/selenium/wiki/ChromeDriver. The latest version can be downloaded from https://chromedriver.storage.googleapis.com/index.html">
      <![CDATA[java.lang.IllegalStateException: The path to the driver executable The path to the driver executable must be set by the webdriver.chrome.driver system property; for more information, see https://github.com/SeleniumHQ/selenium/wiki/ChromeDriver. The latest version can be downloaded from https://chromedriver.storage.googleapis.com/index.html
at org.openqa.selenium.internal.Require$StateChecker.nonNull(Require.java:280)
at org.openqa.selenium.remote.service.DriverService.findExecutable(DriverService.java:135)
at org.openqa.selenium.chrome.ChromeDriverService.access$000(ChromeDriverService.java:38)
at org.openqa.selenium.chrome.ChromeDriverService$Builder.findDefaultExecutable(ChromeDriverService.java:231)
at org.openqa.selenium.remote.service.DriverService$Builder.build(DriverService.java:437)
at org.openqa.selenium.chrome.ChromeDriverService.createDefaultService(ChromeDriverService.java:127)
at org.openqa.selenium.chrome.ChromeDriver.<init>(ChromeDriver.java:46)
at launchBrowser.DemoWebShop_Test.launchingInstagram(DemoWebShop_Test.java:13)
at java.util.ArrayList.forEach(ArrayList.java:1259)
... Removed 37 stack frames]]>
    </failure>
  </testcase> <!-- launchingInstagram -->
  <testcase name="TestCase2Test" time="0.0" classname="org.Fidelity.TestNG.Practise.ApplyDebitCard_CheckinActiveCustomer_Test">
    <skipped/>
  </testcase> <!-- TestCase2Test -->
  <testcase name="launchingFacebook" time="6.656" classname="launchBrowser.Facebook_Test"/>
  <testcase name="TestCase3" time="0.0" classname="org.Fidelity.TestNG.Practise.CreditCustomer_VerifyInActiveCustomerPage_Test">
    <skipped/>
  </testcase> <!-- TestCase3 -->
  <testcase name="launchingInstagram" time="12.496" classname="launchBrowser.Instagram_Test"/>
  <testcase name="TestCase1" time="0.0" classname="org.Fidelity.TestNG.Practise.CustomerModuleTest">
    <skipped/>
  </testcase> <!-- TestCase1 -->
  <testcase name="TestCase2" time="0.0" classname="org.Fidelity.TestNG.Practise.CustomerModuleTest">
    <skipped/>
  </testcase> <!-- TestCase2 -->
  <testcase name="TestCase3" time="0.0" classname="org.Fidelity.TestNG.Practise.CustomerModuleTest">
    <skipped/>
  </testcase> <!-- TestCase3 -->
  <testcase name="TestCase4" time="0.0" classname="org.Fidelity.TestNG.Practise.CustomerModuleTest">
    <skipped/>
  </testcase> <!-- TestCase4 -->
  <testcase name="TestCase4" time="0.0" classname="org.Fidelity.TestNG.Practise.DeleteCustomer_VerifyInViewByACNoPage_Test">
    <skipped/>
  </testcase> <!-- TestCase4 -->
  <testcase name="TestCase1" time="0.0" classname="org.Fidelity.TestNG.Practise.Open_ApproveandVerifyInActiveCustomer_Test">
    <skipped/>
  </testcase> <!-- TestCase1 -->
  <testcase name="Run1" time="0.004" classname="org.Fidelity.TestNG.Practise.Test1_Test"/>
  <testcase name="Test2" time="0.002" classname="org.Fidelity.TestNG.Practise.Test2test"/>
</testsuite> <!-- Command line test -->
