<?xml version="1.0" encoding="UTF-8"?>
<testsuite xmlns:xsi="http://www.w3.org/2001/XMLSchema-instance" xsi:noNamespaceSchemaLocation="https://maven.apache.org/surefire/maven-surefire-plugin/xsd/surefire-test-report-3.0.xsd" version="3.0" name="TestSuite" time="1.505" tests="1" errors="0" skipped="0" failures="0">
  <properties>
[...]
</properties>
  <testcase name="Run1" classname="org.Fidelity.TestNG.Practise.Test1_Test" time="0.011">
    <system-out><![CDATA[chrome
1
inside test1.1
]]></system-out>
  </testcase>
</testsuite>