<?xml version="1.0" encoding="UTF-8"?>
<testng-results ignored="1" total="2" passed="1" failed="0" skipped="0">
  <reporter-output>
  </reporter-output>
  <suite started-at="2022-09-21T10:29:05 IST" name="Default suite" finished-at="2022-09-21T10:29:05 IST" duration-ms="68">
    <groups>
    </groups>
    <test started-at="2022-09-21T10:29:05 IST" name="Default test" finished-at="2022-09-21T10:29:05 IST" duration-ms="68">
      <class name="org.Fidelity.TestNG.Practise.Test2test">
        <test-method signature="Test3()[pri:0, instance:org.Fidelity.TestNG.Practise.Test2test@614ca7df]" started-at="2022-09-21T10:29:05 IST" name="Test3" finished-at="2022-09-21T10:29:05 IST" duration-ms="11" status="PASS">
          <reporter-output>
          </reporter-output>
        </test-method> <!-- Test3 -->
      </class> <!-- org.Fidelity.TestNG.Practise.Test2test -->
    </test> <!-- Default test -->
  </suite> <!-- Default suite -->
</testng-results>
